<?xml version="1.0" encoding="UTF-8"?>
<testng-results ignored="0" total="36" passed="36" failed="0" skipped="0">
  <reporter-output>
  </reporter-output>
  <suite started-at="2022-01-18T15:36:39 IST" name="Suite" finished-at="2022-01-18T15:37:38 IST" duration-ms="58338">
    <groups>
    </groups>
    <test started-at="2022-01-18T15:36:39 IST" name="Test" finished-at="2022-01-18T15:37:38 IST" duration-ms="58338">
      <class name="TheSparksFoundation.HomePageTest">
        <test-method signature="LaunchBrowser()[pri:1, instance:TheSparksFoundation.HomePageTest@1700915]" started-at="2022-01-18T15:36:39 IST" name="LaunchBrowser" finished-at="2022-01-18T15:36:50 IST" duration-ms="10888" status="PASS">
          <reporter-output>
          </reporter-output>
        </test-method> <!-- LaunchBrowser -->
        <test-method signature="LogoTest()[pri:2, instance:TheSparksFoundation.HomePageTest@1700915]" started-at="2022-01-18T15:36:50 IST" name="LogoTest" finished-at="2022-01-18T15:36:50 IST" duration-ms="241" status="PASS">
          <reporter-output>
          </reporter-output>
        </test-method> <!-- LogoTest -->
        <test-method signature="EventTest()[pri:3, instance:TheSparksFoundation.HomePageTest@1700915]" started-at="2022-01-18T15:36:50 IST" name="EventTest" finished-at="2022-01-18T15:36:52 IST" duration-ms="1268" status="PASS">
          <reporter-output>
          </reporter-output>
        </test-method> <!-- EventTest -->
        <test-method signature="IntershipTest()[pri:4, instance:TheSparksFoundation.HomePageTest@1700915]" started-at="2022-01-18T15:36:52 IST" name="IntershipTest" finished-at="2022-01-18T15:36:53 IST" duration-ms="1137" status="PASS">
          <reporter-output>
          </reporter-output>
        </test-method> <!-- IntershipTest -->
        <test-method signature="MentorshipTest()[pri:5, instance:TheSparksFoundation.HomePageTest@1700915]" started-at="2022-01-18T15:36:53 IST" name="MentorshipTest" finished-at="2022-01-18T15:36:54 IST" duration-ms="1147" status="PASS">
          <reporter-output>
          </reporter-output>
        </test-method> <!-- MentorshipTest -->
        <test-method signature="SupportTest()[pri:6, instance:TheSparksFoundation.HomePageTest@1700915]" started-at="2022-01-18T15:36:54 IST" name="SupportTest" finished-at="2022-01-18T15:36:55 IST" duration-ms="1138" status="PASS">
          <reporter-output>
          </reporter-output>
        </test-method> <!-- SupportTest -->
        <test-method signature="ScholarshipTest()[pri:7, instance:TheSparksFoundation.HomePageTest@1700915]" started-at="2022-01-18T15:36:55 IST" name="ScholarshipTest" finished-at="2022-01-18T15:36:56 IST" duration-ms="1133" status="PASS">
          <reporter-output>
          </reporter-output>
        </test-method> <!-- ScholarshipTest -->
        <test-method signature="CommunityTest()[pri:8, instance:TheSparksFoundation.HomePageTest@1700915]" started-at="2022-01-18T15:36:56 IST" name="CommunityTest" finished-at="2022-01-18T15:36:57 IST" duration-ms="1166" status="PASS">
          <reporter-output>
          </reporter-output>
        </test-method> <!-- CommunityTest -->
        <test-method signature="quitBrowser()[pri:9, instance:TheSparksFoundation.HomePageTest@1700915]" started-at="2022-01-18T15:36:57 IST" name="quitBrowser" finished-at="2022-01-18T15:36:58 IST" duration-ms="160" status="PASS">
          <reporter-output>
          </reporter-output>
        </test-method> <!-- quitBrowser -->
      </class> <!-- TheSparksFoundation.HomePageTest -->
      <class name="TheSparksFoundation.StudentmentorshipprogramTest">
        <test-method signature="clickOnPrograms()[pri:1, instance:TheSparksFoundation.StudentmentorshipprogramTest@636be97c]" started-at="2022-01-18T15:37:08 IST" name="clickOnPrograms" finished-at="2022-01-18T15:37:17 IST" duration-ms="8316" status="PASS">
          <reporter-output>
          </reporter-output>
        </test-method> <!-- clickOnPrograms -->
        <test-method signature="clickonstudentmentorshipprogram()[pri:2, instance:TheSparksFoundation.StudentmentorshipprogramTest@636be97c]" started-at="2022-01-18T15:37:17 IST" name="clickonstudentmentorshipprogram" finished-at="2022-01-18T15:37:18 IST" duration-ms="1308" status="PASS">
          <reporter-output>
          </reporter-output>
        </test-method> <!-- clickonstudentmentorshipprogram -->
        <test-method signature="verifytitle()[pri:3, instance:TheSparksFoundation.StudentmentorshipprogramTest@636be97c]" started-at="2022-01-18T15:37:18 IST" name="verifytitle" finished-at="2022-01-18T15:37:18 IST" duration-ms="49" status="PASS">
          <reporter-output>
          </reporter-output>
        </test-method> <!-- verifytitle -->
        <test-method signature="Testobjectives()[pri:4, instance:TheSparksFoundation.StudentmentorshipprogramTest@636be97c]" started-at="2022-01-18T15:37:18 IST" name="Testobjectives" finished-at="2022-01-18T15:37:18 IST" duration-ms="25" status="PASS">
          <reporter-output>
          </reporter-output>
        </test-method> <!-- Testobjectives -->
        <test-method signature="Testworkshops()[pri:5, instance:TheSparksFoundation.StudentmentorshipprogramTest@636be97c]" started-at="2022-01-18T15:37:18 IST" name="Testworkshops" finished-at="2022-01-18T15:37:18 IST" duration-ms="27" status="PASS">
          <reporter-output>
          </reporter-output>
        </test-method> <!-- Testworkshops -->
        <test-method signature="Testtalks()[pri:6, instance:TheSparksFoundation.StudentmentorshipprogramTest@636be97c]" started-at="2022-01-18T15:37:18 IST" name="Testtalks" finished-at="2022-01-18T15:37:18 IST" duration-ms="24" status="PASS">
          <reporter-output>
          </reporter-output>
        </test-method> <!-- Testtalks -->
        <test-method signature="Testindiviualsessions()[pri:7, instance:TheSparksFoundation.StudentmentorshipprogramTest@636be97c]" started-at="2022-01-18T15:37:18 IST" name="Testindiviualsessions" finished-at="2022-01-18T15:37:18 IST" duration-ms="27" status="PASS">
          <reporter-output>
          </reporter-output>
        </test-method> <!-- Testindiviualsessions -->
        <test-method signature="TestProgressCheck()[pri:8, instance:TheSparksFoundation.StudentmentorshipprogramTest@636be97c]" started-at="2022-01-18T15:37:18 IST" name="TestProgressCheck" finished-at="2022-01-18T15:37:18 IST" duration-ms="25" status="PASS">
          <reporter-output>
          </reporter-output>
        </test-method> <!-- TestProgressCheck -->
      </class> <!-- TheSparksFoundation.StudentmentorshipprogramTest -->
      <class name="TheSparksFoundation.ProgramsTest">
        <test-method signature="clickonprograms()[pri:1, instance:TheSparksFoundation.ProgramsTest@3f197a46]" started-at="2022-01-18T15:36:58 IST" name="clickonprograms" finished-at="2022-01-18T15:37:07 IST" duration-ms="8919" status="PASS">
          <reporter-output>
          </reporter-output>
        </test-method> <!-- clickonprograms -->
        <test-method signature="clickonstudentschorshipprogram()[pri:2, instance:TheSparksFoundation.ProgramsTest@3f197a46]" started-at="2022-01-18T15:37:07 IST" name="clickonstudentschorshipprogram" finished-at="2022-01-18T15:37:08 IST" duration-ms="1399" status="PASS">
          <reporter-output>
          </reporter-output>
        </test-method> <!-- clickonstudentschorshipprogram -->
        <test-method signature="verifytitle()[pri:3, instance:TheSparksFoundation.ProgramsTest@3f197a46]" started-at="2022-01-18T15:37:08 IST" name="verifytitle" finished-at="2022-01-18T15:37:08 IST" duration-ms="71" status="PASS">
          <reporter-output>
          </reporter-output>
        </test-method> <!-- verifytitle -->
        <test-method signature="Testobjectives()[pri:4, instance:TheSparksFoundation.ProgramsTest@3f197a46]" started-at="2022-01-18T15:37:08 IST" name="Testobjectives" finished-at="2022-01-18T15:37:08 IST" duration-ms="47" status="PASS">
          <reporter-output>
          </reporter-output>
        </test-method> <!-- Testobjectives -->
        <test-method signature="Testsetup()[pri:5, instance:TheSparksFoundation.ProgramsTest@3f197a46]" started-at="2022-01-18T15:37:08 IST" name="Testsetup" finished-at="2022-01-18T15:37:08 IST" duration-ms="47" status="PASS">
          <reporter-output>
          </reporter-output>
        </test-method> <!-- Testsetup -->
        <test-method signature="Testtarget()[pri:6, instance:TheSparksFoundation.ProgramsTest@3f197a46]" started-at="2022-01-18T15:37:08 IST" name="Testtarget" finished-at="2022-01-18T15:37:08 IST" duration-ms="49" status="PASS">
          <reporter-output>
          </reporter-output>
        </test-method> <!-- Testtarget -->
        <test-method signature="Testsupport()[pri:7, instance:TheSparksFoundation.ProgramsTest@3f197a46]" started-at="2022-01-18T15:37:08 IST" name="Testsupport" finished-at="2022-01-18T15:37:08 IST" duration-ms="47" status="PASS">
          <reporter-output>
          </reporter-output>
        </test-method> <!-- Testsupport -->
      </class> <!-- TheSparksFoundation.ProgramsTest -->
      <class name="TheSparksFoundation.studentsosprogramTest">
        <test-method signature="clickOnPrograms()[pri:1, instance:TheSparksFoundation.studentsosprogramTest@50a638b5]" started-at="2022-01-18T15:37:18 IST" name="clickOnPrograms" finished-at="2022-01-18T15:37:26 IST" duration-ms="8312" status="PASS">
          <reporter-output>
          </reporter-output>
        </test-method> <!-- clickOnPrograms -->
        <test-method signature="clickonstudentsosprogram()[pri:2, instance:TheSparksFoundation.studentsosprogramTest@50a638b5]" started-at="2022-01-18T15:37:26 IST" name="clickonstudentsosprogram" finished-at="2022-01-18T15:37:27 IST" duration-ms="1098" status="PASS">
          <reporter-output>
          </reporter-output>
        </test-method> <!-- clickonstudentsosprogram -->
        <test-method signature="verifytitle()[pri:3, instance:TheSparksFoundation.studentsosprogramTest@50a638b5]" started-at="2022-01-18T15:37:27 IST" name="verifytitle" finished-at="2022-01-18T15:37:28 IST" duration-ms="72" status="PASS">
          <reporter-output>
          </reporter-output>
        </test-method> <!-- verifytitle -->
        <test-method signature="Testwhatissos()[pri:4, instance:TheSparksFoundation.studentsosprogramTest@50a638b5]" started-at="2022-01-18T15:37:28 IST" name="Testwhatissos" finished-at="2022-01-18T15:37:28 IST" duration-ms="32" status="PASS">
          <reporter-output>
          </reporter-output>
        </test-method> <!-- Testwhatissos -->
        <test-method signature="Testsetup()[pri:5, instance:TheSparksFoundation.studentsosprogramTest@50a638b5]" started-at="2022-01-18T15:37:28 IST" name="Testsetup" finished-at="2022-01-18T15:37:28 IST" duration-ms="32" status="PASS">
          <reporter-output>
          </reporter-output>
        </test-method> <!-- Testsetup -->
        <test-method signature="Testtarget()[pri:6, instance:TheSparksFoundation.studentsosprogramTest@50a638b5]" started-at="2022-01-18T15:37:28 IST" name="Testtarget" finished-at="2022-01-18T15:37:28 IST" duration-ms="32" status="PASS">
          <reporter-output>
          </reporter-output>
        </test-method> <!-- Testtarget -->
        <test-method signature="TestSupport()[pri:7, instance:TheSparksFoundation.studentsosprogramTest@50a638b5]" started-at="2022-01-18T15:37:28 IST" name="TestSupport" finished-at="2022-01-18T15:37:28 IST" duration-ms="32" status="PASS">
          <reporter-output>
          </reporter-output>
        </test-method> <!-- TestSupport -->
      </class> <!-- TheSparksFoundation.studentsosprogramTest -->
      <class name="TheSparksFoundation.corporateprogramsTest">
        <test-method signature="clickOnPrograms()[pri:1, instance:TheSparksFoundation.corporateprogramsTest@1817d444]" started-at="2022-01-18T15:37:28 IST" name="clickOnPrograms" finished-at="2022-01-18T15:37:36 IST" duration-ms="8685" status="PASS">
          <reporter-output>
          </reporter-output>
        </test-method> <!-- clickOnPrograms -->
        <test-method signature="clickoncorporateprogram()[pri:2, instance:TheSparksFoundation.corporateprogramsTest@1817d444]" started-at="2022-01-18T15:37:36 IST" name="clickoncorporateprogram" finished-at="2022-01-18T15:37:38 IST" duration-ms="1178" status="PASS">
          <reporter-output>
          </reporter-output>
        </test-method> <!-- clickoncorporateprogram -->
        <test-method signature="verifytitle()[pri:3, instance:TheSparksFoundation.corporateprogramsTest@1817d444]" started-at="2022-01-18T15:37:38 IST" name="verifytitle" finished-at="2022-01-18T15:37:38 IST" duration-ms="44" status="PASS">
          <reporter-output>
          </reporter-output>
        </test-method> <!-- verifytitle -->
        <test-method signature="Testcorporatevisitsandexternships()[pri:4, instance:TheSparksFoundation.corporateprogramsTest@1817d444]" started-at="2022-01-18T15:37:38 IST" name="Testcorporatevisitsandexternships" finished-at="2022-01-18T15:37:38 IST" duration-ms="25" status="PASS">
          <reporter-output>
          </reporter-output>
        </test-method> <!-- Testcorporatevisitsandexternships -->
        <test-method signature="testcharitableteambuildingprograms()[pri:5, instance:TheSparksFoundation.corporateprogramsTest@1817d444]" started-at="2022-01-18T15:37:38 IST" name="testcharitableteambuildingprograms" finished-at="2022-01-18T15:37:38 IST" duration-ms="22" status="PASS">
          <reporter-output>
          </reporter-output>
        </test-method> <!-- testcharitableteambuildingprograms -->
      </class> <!-- TheSparksFoundation.corporateprogramsTest -->
    </test> <!-- Test -->
  </suite> <!-- Suite -->
</testng-results>
