<?xml version="1.0" encoding="UTF-8"?>
<!-- Generated by org.testng.reporters.JUnitXMLReporter -->
<testsuite ignored="0" hostname="HP-SAURABH" failures="0" tests="36" name="Test" time="58.338" errors="0" timestamp="2022-01-18T15:37:38 IST">
  <testcase classname="TheSparksFoundation.HomePageTest" name="LaunchBrowser" time="10.888"/>
  <testcase classname="TheSparksFoundation.HomePageTest" name="LogoTest" time="0.241"/>
  <testcase classname="TheSparksFoundation.HomePageTest" name="EventTest" time="1.268"/>
  <testcase classname="TheSparksFoundation.HomePageTest" name="IntershipTest" time="1.137"/>
  <testcase classname="TheSparksFoundation.HomePageTest" name="MentorshipTest" time="1.147"/>
  <testcase classname="TheSparksFoundation.HomePageTest" name="SupportTest" time="1.138"/>
  <testcase classname="TheSparksFoundation.HomePageTest" name="ScholarshipTest" time="1.133"/>
  <testcase classname="TheSparksFoundation.HomePageTest" name="CommunityTest" time="1.166"/>
  <testcase classname="TheSparksFoundation.HomePageTest" name="quitBrowser" time="0.16"/>
  <testcase classname="TheSparksFoundation.ProgramsTest" name="clickonprograms" time="8.919"/>
  <testcase classname="TheSparksFoundation.ProgramsTest" name="clickonstudentschorshipprogram" time="1.399"/>
  <testcase classname="TheSparksFoundation.ProgramsTest" name="verifytitle" time="0.071"/>
  <testcase classname="TheSparksFoundation.ProgramsTest" name="Testobjectives" time="0.047"/>
  <testcase classname="TheSparksFoundation.ProgramsTest" name="Testsetup" time="0.047"/>
  <testcase classname="TheSparksFoundation.ProgramsTest" name="Testtarget" time="0.049"/>
  <testcase classname="TheSparksFoundation.ProgramsTest" name="Testsupport" time="0.047"/>
  <testcase classname="TheSparksFoundation.StudentmentorshipprogramTest" name="clickOnPrograms" time="8.316"/>
  <testcase classname="TheSparksFoundation.StudentmentorshipprogramTest" name="clickonstudentmentorshipprogram" time="1.308"/>
  <testcase classname="TheSparksFoundation.StudentmentorshipprogramTest" name="verifytitle" time="0.049"/>
  <testcase classname="TheSparksFoundation.StudentmentorshipprogramTest" name="Testobjectives" time="0.025"/>
  <testcase classname="TheSparksFoundation.StudentmentorshipprogramTest" name="Testworkshops" time="0.027"/>
  <testcase classname="TheSparksFoundation.StudentmentorshipprogramTest" name="Testtalks" time="0.024"/>
  <testcase classname="TheSparksFoundation.StudentmentorshipprogramTest" name="Testindiviualsessions" time="0.027"/>
  <testcase classname="TheSparksFoundation.StudentmentorshipprogramTest" name="TestProgressCheck" time="0.025"/>
  <testcase classname="TheSparksFoundation.studentsosprogramTest" name="clickOnPrograms" time="8.312"/>
  <testcase classname="TheSparksFoundation.studentsosprogramTest" name="clickonstudentsosprogram" time="1.098"/>
  <testcase classname="TheSparksFoundation.studentsosprogramTest" name="verifytitle" time="0.072"/>
  <testcase classname="TheSparksFoundation.studentsosprogramTest" name="Testwhatissos" time="0.032"/>
  <testcase classname="TheSparksFoundation.studentsosprogramTest" name="Testsetup" time="0.032"/>
  <testcase classname="TheSparksFoundation.studentsosprogramTest" name="Testtarget" time="0.032"/>
  <testcase classname="TheSparksFoundation.studentsosprogramTest" name="TestSupport" time="0.032"/>
  <testcase classname="TheSparksFoundation.corporateprogramsTest" name="clickOnPrograms" time="8.685"/>
  <testcase classname="TheSparksFoundation.corporateprogramsTest" name="clickoncorporateprogram" time="1.178"/>
  <testcase classname="TheSparksFoundation.corporateprogramsTest" name="verifytitle" time="0.044"/>
  <testcase classname="TheSparksFoundation.corporateprogramsTest" name="Testcorporatevisitsandexternships" time="0.025"/>
  <testcase classname="TheSparksFoundation.corporateprogramsTest" name="testcharitableteambuildingprograms" time="0.022"/>
</testsuite> <!-- Test -->
